<?xml version="1.0" encoding="UTF-8"?>
<!-- Generated by org.testng.reporters.JUnitXMLReporter -->
<testsuite ignored="60" hostname="DESKTOP-GMDNGEC" failures="0" tests="9" name="Test" time="183.955" errors="0" timestamp="2026-05-05T15:46:22 IST">
  <testcase classname="testCases.TC001_LoginTest" name="verify_login" time="5.871"/>
  <testcase classname="testCases.TC062_VerifyUDTaxSetUpMenuTest" name="verify_UDTaxSetUpMenuExists" time="10.739"/>
  <testcase classname="testCases.TC063_VerifyAssessmentMenuTest" name="verify_AssessmentMenuExists" time="10.45"/>
  <testcase classname="testCases.TC064_VerifyUDTaxMenuTest" name="verify_UDTaxMenuExists" time="10.938"/>
  <testcase classname="testCases.TC065_VerifyUDTaxReportMenuTest" name="verify_UDTaxReportMenuExists" time="10.867"/>
  <testcase classname="testCases.TC066_VerifyPropertySurveyMenuTest" name="verify_PropertySurveyMenuExists" time="10.656"/>
  <testcase classname="testCases.TC067_VerifyUDTaxMailMenuTest" name="verify_UDTaxMailMenuExists" time="10.013"/>
  <testcase classname="testCases.TC068_VerifyAccountsMenuTest" name="verify_AccountsMenuExists" time="9.974"/>
  <testcase classname="testCases.TC069_VerifySurveyMailMenuTest" name="verify_SurveyMailMenuExists" time="10.659"/>
  <testcase classname="testCases.TC021_VerifyTCCollectionSummaryTest" name="verify_TCCollectionSummaryPageExists" time="0.0">
    <ignored/>
  </testcase> <!-- verify_TCCollectionSummaryPageExists -->
  <testcase classname="testCases.TC046_VerifySurveyAssessedListTest" name="verify_SurveyAssessedListPageExists" time="0.0">
    <ignored/>
  </testcase> <!-- verify_SurveyAssessedListPageExists -->
  <testcase classname="testCases.TC007_VerifyFeedbackTest" name="verify_FeedbackPageIsExists" time="0.0">
    <ignored/>
  </testcase> <!-- verify_FeedbackPageIsExists -->
  <testcase classname="testCases.TC047_VerifySurveyAssessedReportTest" name="verify_SurveyAssessedReportPageExists" time="0.0">
    <ignored/>
  </testcase> <!-- verify_SurveyAssessedReportPageExists -->
  <testcase classname="testCases.TC035_VerifyApptiListTest" name="verify_ApptiFormListPageExists" time="0.0">
    <ignored/>
  </testcase> <!-- verify_ApptiFormListPageExists -->
  <testcase classname="testCases.TC019_VerifyHTaxLastPaymentUpdateTest" name="verify_PropertyListPageExists" time="0.0">
    <ignored/>
  </testcase> <!-- verify_PropertyListPageExists -->
  <testcase classname="testCases.TC056_VerifySurveyNoticeListTest" name="verify_SurveyNoticeListPageExists" time="0.0">
    <ignored/>
  </testcase> <!-- verify_SurveyNoticeListPageExists -->
  <testcase classname="testCases.TC054_VerifySurveyGeotaggingReportTest" name="verify_SurveyGeotaggingReportPageExists" time="0.0">
    <ignored/>
  </testcase> <!-- verify_SurveyGeotaggingReportPageExists -->
  <testcase classname="testCases.TC033_VerifyChequeBouncedCollectionReportTest" name="verify_ChequeBouncedCollectionReportPageExists" time="0.0">
    <ignored/>
  </testcase> <!-- verify_ChequeBouncedCollectionReportPageExists -->
  <testcase classname="testCases.TC031_VerifyPrintAllDemandReceiptTest" name="verify_PrintAllDemandReceiptPageExists" time="0.0">
    <ignored/>
  </testcase> <!-- verify_PrintAllDemandReceiptPageExists -->
  <testcase classname="testCases.TC018_VerifyAdjustmentTest" name="verify_PropertyListPageExists" time="0.0">
    <ignored/>
  </testcase> <!-- verify_PropertyListPageExists -->
  <testcase classname="testCases.TC027_VerifyTransactionDeactivateReportTest" name="verify_TransactionDeactivateReportPageExists" time="0.0">
    <ignored/>
  </testcase> <!-- verify_TransactionDeactivateReportPageExists -->
  <testcase classname="testCases.TC029_VerifyPrintAllPaymentReceiptTest" name="verify_PrintAllPaymentReceiptPageExists" time="0.0">
    <ignored/>
  </testcase> <!-- verify_PrintAllPaymentReceiptPageExists -->
  <testcase classname="testCases.TC052_VerifyUserWiseSurveyEditReportTest" name="verify_UserWiseSurveyEditReportPageExists" time="0.0">
    <ignored/>
  </testcase> <!-- verify_UserWiseSurveyEditReportPageExists -->
  <testcase classname="testCases.TC002_LoginDDTTest" name="verify_loginDDT" time="0.0">
    <ignored/>
  </testcase> <!-- verify_loginDDT -->
  <testcase classname="testCases.TC059_VerifySurveyNoticeReceivedReportTest" name="verify_SurveyNoticeReceivedReportPageExists" time="0.0">
    <ignored/>
  </testcase> <!-- verify_SurveyNoticeReceivedReportPageExists -->
  <testcase classname="testCases.TC048_VerifyWardWiseSurveyReportTest" name="verify_WardWiseSurveyReportPageExists" time="0.0">
    <ignored/>
  </testcase> <!-- verify_WardWiseSurveyReportPageExists -->
  <testcase classname="testCases.TC060_VerifySurveyNoticeDistributedReportTest" name="verify_SurveyNoticeDistributedReportPageExists" time="0.0">
    <ignored/>
  </testcase> <!-- verify_SurveyNoticeDistributedReportPageExists -->
  <testcase classname="testCases.TC043_VerifySurveyReportTest" name="verify_SurveyReportPageExists" time="0.0">
    <ignored/>
  </testcase> <!-- verify_SurveyReportPageExists -->
  <testcase classname="testCases.TC045_VerifySurveyTeamSummaryTest" name="verify_SurveyTeamSummaryPageExists" time="0.0">
    <ignored/>
  </testcase> <!-- verify_SurveyTeamSummaryPageExists -->
  <testcase classname="testCases.TC026_VerifyULBReportTest" name="verify_AllModuleReportPageExists" time="0.0">
    <ignored/>
  </testcase> <!-- verify_AllModuleReportPageExists -->
  <testcase classname="testCases.TC023_VerifySAFReportTest" name="verify_SAFReportPageExists" time="0.0">
    <ignored/>
  </testcase> <!-- verify_SAFReportPageExists -->
  <testcase classname="testCases.TC051_VerifyUserWiseForwardSummaryTest" name="verify_UserWiseForwardSummaryPageExists" time="0.0">
    <ignored/>
  </testcase> <!-- verify_UserWiseForwardSummaryPageExists -->
  <testcase classname="testCases.TC049_VerifySurveyPendingReportTest" name="verify_SurveyPendingReportPageExists" time="0.0">
    <ignored/>
  </testcase> <!-- verify_SurveyPendingReportPageExists -->
  <testcase classname="testCases.TC039_VerifyTCVisitSummaryTest" name="verify_TCVisitSummaryPageExists" time="0.0">
    <ignored/>
  </testcase> <!-- verify_TCVisitSummaryPageExists -->
  <testcase classname="testCases.TC041_VerifyTLVisitReportTest" name="verify_TLVisitReportPageExists" time="0.0">
    <ignored/>
  </testcase> <!-- verify_TLVisitReportPageExists -->
  <testcase classname="testCases.TC044_VerifySurveySummaryReportTest" name="verify_SurveySummaryReportPageExists" time="0.0">
    <ignored/>
  </testcase> <!-- verify_SurveySummaryReportPageExists -->
  <testcase classname="testCases.TC009_HouseTaxEntryTest" name="verify_HouseTaxEntryPage" time="0.0">
    <ignored/>
  </testcase> <!-- verify_HouseTaxEntryPage -->
  <testcase classname="testCases.TC042_VerifyAllUpdationReportTest" name="verify_AllUpdationReportPageExists" time="0.0">
    <ignored/>
  </testcase> <!-- verify_AllUpdationReportPageExists -->
  <testcase classname="testCases.TC024_VerifyZoneAndWardWiseCollectionReportTest" name="verify_WardWiseCollectionReportPageExists" time="0.0">
    <ignored/>
  </testcase> <!-- verify_WardWiseCollectionReportPageExists -->
  <testcase classname="testCases.TC022_VerifyDCBReportTest" name="verify_DCBULBWisePageExists" time="0.0">
    <ignored/>
  </testcase> <!-- verify_DCBULBWisePageExists -->
  <testcase classname="testCases.TC020_VerifyCounterReportTest" name="verify_CounterReportPageExists" time="0.0">
    <ignored/>
  </testcase> <!-- verify_CounterReportPageExists -->
  <testcase classname="testCases.TC025_VerifyPaymentModeWiseCollectionTest" name="verify_PaymentModeWiseCollectionPageExists" time="0.0">
    <ignored/>
  </testcase> <!-- verify_PaymentModeWiseCollectionPageExists -->
  <testcase classname="testCases.TC016_VerifyUpdateOwnerDetailsTest" name="verify_PropertyListPageExists" time="0.0">
    <ignored/>
  </testcase> <!-- verify_PropertyListPageExists -->
  <testcase classname="testCases.TC036_VerifyAppttiPendingReportTest" name="verify_AppttiPendingReportPageExists" time="0.0">
    <ignored/>
  </testcase> <!-- verify_AppttiPendingReportPageExists -->
  <testcase classname="testCases.TC040_VerifyPropertyWiseTCVisitTest" name="verify_PropertyWiseTCVisitPageExists" time="0.0">
    <ignored/>
  </testcase> <!-- verify_PropertyWiseTCVisitPageExists -->
  <testcase classname="testCases.TC034_VerifyTaxCollectionReportTest" name="verify_TaxCollectionReportPageExists" time="0.0">
    <ignored/>
  </testcase> <!-- verify_TaxCollectionReportPageExists -->
  <testcase classname="testCases.TC013_VerifyDocUploadTest" name="verify_PropertyListPageExists" time="0.0">
    <ignored/>
  </testcase> <!-- verify_PropertyListPageExists -->
  <testcase classname="testCases.TC005_VerifyGalleryTest" name="verify_GalleryPageIsExists" time="0.0">
    <ignored/>
  </testcase> <!-- verify_GalleryPageIsExists -->
  <testcase classname="testCases.TC055_VerifyExPartySurveyNoticeTest" name="verify_ExPartySurveyNoticePageExists" time="0.0">
    <ignored/>
  </testcase> <!-- verify_ExPartySurveyNoticePageExists -->
  <testcase classname="testCases.TC012_VerifySearchPropertyTest" name="verify_PropertyListPageExists" time="0.0">
    <ignored/>
  </testcase> <!-- verify_PropertyListPageExists -->
  <testcase classname="testCases.TC014_VerifyUpdatePropertyDetailsTest" name="verify_PropertyListPageExists" time="0.0">
    <ignored/>
  </testcase> <!-- verify_PropertyListPageExists -->
  <testcase classname="testCases.TC004_VerifyActTest" name="verify_ActPageIsExists" time="0.0">
    <ignored/>
  </testcase> <!-- verify_ActPageIsExists -->
  <testcase classname="testCases.TC008_VerifyHouseTaxEntryTest" name="verify_HouseTaxEntryPageIsExists" time="0.0">
    <ignored/>
  </testcase> <!-- verify_HouseTaxEntryPageIsExists -->
  <testcase classname="testCases.TC015_VerifyLastPaymentUpdateTest" name="verify_PropertyListPageExists" time="0.0">
    <ignored/>
  </testcase> <!-- verify_PropertyListPageExists -->
  <testcase classname="testCases.TC050_VerifySurveyLevelSummaryReportTest" name="verify_SurveyLevelSummaryReportPageExists" time="0.0">
    <ignored/>
  </testcase> <!-- verify_SurveyLevelSummaryReportPageExists -->
  <testcase classname="testCases.TC058_VeirfySurveyNoticeReceviedListTest" name="verify_SurveyNoticeReceviedListPageExists" time="0.0">
    <ignored/>
  </testcase> <!-- verify_SurveyNoticeReceviedListPageExists -->
  <testcase classname="testCases.TC003_ApplySelfAssessmentTest" name="verify_applySelfAssessmentPage" time="0.0">
    <ignored/>
  </testcase> <!-- verify_applySelfAssessmentPage -->
  <testcase classname="testCases.TC053_VerifySurveyModificationReportTest" name="verify_SurveyModificationReportPageExists" time="0.0">
    <ignored/>
  </testcase> <!-- verify_SurveyModificationReportPageExists -->
  <testcase classname="testCases.TC037_VerifyApptiRejectListTest" name="verify_ApptiRejectListPageExists" time="0.0">
    <ignored/>
  </testcase> <!-- verify_ApptiRejectListPageExists -->
  <testcase classname="testCases.TC030_VerifyPropertyWiseDCBTest" name="verify_DCBReportPageExists" time="0.0">
    <ignored/>
  </testcase> <!-- verify_DCBReportPageExists -->
  <testcase classname="testCases.TC061_VerifySurveyDemandReportTest" name="verify_SurveyDemandReportPageExists" time="0.0">
    <ignored/>
  </testcase> <!-- verify_SurveyDemandReportPageExists -->
  <testcase classname="testCases.TC057_VerifyBulkSurveyNoticePrintTest" name="verify_BulkSurveyNoticePageExists" time="0.0">
    <ignored/>
  </testcase> <!-- verify_BulkSurveyNoticePageExists -->
  <testcase classname="testCases.TC028_VerifyAllModuleTCSummaryTest" name="verify_AllModuleOperatorWiseCollectionPageExists" time="0.0">
    <ignored/>
  </testcase> <!-- verify_AllModuleOperatorWiseCollectionPageExists -->
  <testcase classname="testCases.TC011_LegacyEntryTest" name="verify_LegacyEntryPage" time="0.0">
    <ignored/>
  </testcase> <!-- verify_LegacyEntryPage -->
  <testcase classname="testCases.TC017_VerifyWardUpdateTest" name="verify_PropertyListPageExists" time="0.0">
    <ignored/>
  </testcase> <!-- verify_PropertyListPageExists -->
  <testcase classname="testCases.TC032_VerifyReassessmentDiffTest" name="verify_ReassessmentDiffReportPageExists" time="0.0">
    <ignored/>
  </testcase> <!-- verify_ReassessmentDiffReportPageExists -->
  <testcase classname="testCases.TC006_VerifyContactTest" name="verify_ContactPageIsExists" time="0.0">
    <ignored/>
  </testcase> <!-- verify_ContactPageIsExists -->
  <testcase classname="testCases.TC038_VerifyTCVisitReportTest" name="verify_TCVisitReportPageExists" time="0.0">
    <ignored/>
  </testcase> <!-- verify_TCVisitReportPageExists -->
  <testcase classname="testCases.TC010_VerifyLegacyEntryTest" name="verify_LegacyEntryPageIsExists" time="0.0">
    <ignored/>
  </testcase> <!-- verify_LegacyEntryPageIsExists -->
</testsuite> <!-- Test -->
