<?xml version="1.0" encoding="UTF-8"?>
<!-- Generated by org.testng.reporters.JUnitXMLReporter -->
<testsuite ignored="0" hostname="DESKTOP-GMDNGEC" failures="3" tests="75" name="Test" time="1845.66" errors="0" timestamp="2026-05-12T12:04:29 IST">
  <testcase classname="testCases.TC001_LoginTest" name="verify_login" time="2.989"/>
  <testcase classname="testCases.TC002_LoginDDTTest" name="verify_loginDDT" time="3.219"/>
  <testcase classname="testCases.TC002_LoginDDTTest" name="verify_loginDDT" time="12.114"/>
  <testcase classname="testCases.TC002_LoginDDTTest" name="verify_loginDDT" time="11.043"/>
  <testcase classname="testCases.TC002_LoginDDTTest" name="verify_loginDDT" time="11.138"/>
  <testcase classname="testCases.TC002_LoginDDTTest" name="verify_loginDDT" time="11.559"/>
  <testcase classname="testCases.TC002_LoginDDTTest" name="verify_loginDDT" time="11.803"/>
  <testcase classname="testCases.TC002_LoginDDTTest" name="verify_loginDDT" time="11.122"/>
  <testcase classname="testCases.TC003_ApplySelfAssessmentTest" name="verify_applySelfAssessmentPage" time="196.907"/>
  <testcase classname="testCases.TC004_VerifyActTest" name="verify_ActPageIsExists" time="10.07">
    <failure type="java.lang.AssertionError" message="null">
      <![CDATA[java.lang.AssertionError: null
at testCases.TC004_VerifyActTest.verify_ActPageIsExists(TC004_VerifyActTest.java:37)
at java.base/java.util.ArrayList.forEach(ArrayList.java:1596)
... Removed 27 stack frames]]>
    </failure>
  </testcase> <!-- verify_ActPageIsExists -->
  <testcase classname="testCases.TC005_VerifyGalleryTest" name="verify_GalleryPageIsExists" time="10.059">
    <failure type="java.lang.AssertionError" message="null">
      <![CDATA[java.lang.AssertionError: null
at testCases.TC005_VerifyGalleryTest.verify_GalleryPageIsExists(TC005_VerifyGalleryTest.java:36)
at java.base/java.util.ArrayList.forEach(ArrayList.java:1596)
... Removed 27 stack frames]]>
    </failure>
  </testcase> <!-- verify_GalleryPageIsExists -->
  <testcase classname="testCases.TC006_VerifyContactTest" name="verify_ContactPageIsExists" time="10.064">
    <failure type="java.lang.AssertionError" message="null">
      <![CDATA[java.lang.AssertionError: null
at testCases.TC006_VerifyContactTest.verify_ContactPageIsExists(TC006_VerifyContactTest.java:36)
at java.base/java.util.ArrayList.forEach(ArrayList.java:1596)
... Removed 27 stack frames]]>
    </failure>
  </testcase> <!-- verify_ContactPageIsExists -->
  <testcase classname="testCases.TC007_VerifyFeedbackTest" name="verify_FeedbackPageIsExists" time="4.08"/>
  <testcase classname="testCases.TC008_VerifyHouseTaxEntryTest" name="verify_HouseTaxEntryPageIsExists" time="11.869"/>
  <testcase classname="testCases.TC009_HouseTaxEntryTest" name="verify_HouseTaxEntryPage" time="29.279"/>
  <testcase classname="testCases.TC010_VerifyLegacyEntryTest" name="verify_LegacyEntryPageIsExists" time="11.688"/>
  <testcase classname="testCases.TC011_LegacyEntryTest" name="verify_LegacyEntryPage" time="19.688"/>
  <testcase classname="testCases.TC012_VerifySearchPropertyTest" name="verify_PropertyListPageExists" time="13.843"/>
  <testcase classname="testCases.TC013_VerifyDocUploadTest" name="verify_PropertyListPageExists" time="12.936"/>
  <testcase classname="testCases.TC014_VerifyUpdatePropertyDetailsTest" name="verify_PropertyListPageExists" time="13.718"/>
  <testcase classname="testCases.TC015_VerifyLastPaymentUpdateTest" name="verify_PropertyListPageExists" time="13.544"/>
  <testcase classname="testCases.TC016_VerifyUpdateOwnerDetailsTest" name="verify_PropertyListPageExists" time="13.537"/>
  <testcase classname="testCases.TC017_VerifyWardUpdateTest" name="verify_PropertyListPageExists" time="12.875"/>
  <testcase classname="testCases.TC018_VerifyAdjustmentTest" name="verify_PropertyListPageExists" time="13.335"/>
  <testcase classname="testCases.TC019_VerifyHTaxLastPaymentUpdateTest" name="verify_PropertyListPageExists" time="14.038"/>
  <testcase classname="testCases.TC020_VerifyCounterReportTest" name="verify_CounterReportPageExists" time="22.66"/>
  <testcase classname="testCases.TC021_VerifyTCCollectionSummaryTest" name="verify_TCCollectionSummaryPageExists" time="23.018"/>
  <testcase classname="testCases.TC022_VerifyDCBReportTest" name="verify_DCBULBWisePageExists" time="9.563"/>
  <testcase classname="testCases.TC023_VerifySAFReportTest" name="verify_SAFReportPageExists" time="9.224"/>
  <testcase classname="testCases.TC024_VerifyZoneAndWardWiseCollectionReportTest" name="verify_WardWiseCollectionReportPageExists" time="22.083"/>
  <testcase classname="testCases.TC025_VerifyPaymentModeWiseCollectionTest" name="verify_PaymentModeWiseCollectionPageExists" time="22.339"/>
  <testcase classname="testCases.TC026_VerifyULBReportTest" name="verify_AllModuleReportPageExists" time="9.904"/>
  <testcase classname="testCases.TC027_VerifyTransactionDeactivateReportTest" name="verify_TransactionDeactivateReportPageExists" time="22.926"/>
  <testcase classname="testCases.TC028_VerifyAllModuleTCSummaryTest" name="verify_AllModuleOperatorWiseCollectionPageExists" time="23.922"/>
  <testcase classname="testCases.TC029_VerifyPrintAllPaymentReceiptTest" name="verify_PrintAllPaymentReceiptPageExists" time="14.145"/>
  <testcase classname="testCases.TC030_VerifyPropertyWiseDCBTest" name="verify_DCBReportPageExists" time="18.646"/>
  <testcase classname="testCases.TC031_VerifyPrintAllDemandReceiptTest" name="verify_PrintAllDemandReceiptPageExists" time="20.474"/>
  <testcase classname="testCases.TC032_VerifyReassessmentDiffTest" name="verify_ReassessmentDiffReportPageExists" time="18.014"/>
  <testcase classname="testCases.TC033_VerifyChequeBouncedCollectionReportTest" name="verify_ChequeBouncedCollectionReportPageExists" time="17.686"/>
  <testcase classname="testCases.TC034_VerifyTaxCollectionReportTest" name="verify_TaxCollectionReportPageExists" time="15.061"/>
  <testcase classname="testCases.TC035_VerifyApptiListTest" name="verify_ApptiFormListPageExists" time="14.815"/>
  <testcase classname="testCases.TC036_VerifyAppttiPendingReportTest" name="verify_AppttiPendingReportPageExists" time="27.42"/>
  <testcase classname="testCases.TC037_VerifyApptiRejectListTest" name="verify_ApptiRejectListPageExists" time="17.033"/>
  <testcase classname="testCases.TC038_VerifyTCVisitReportTest" name="verify_TCVisitReportPageExists" time="17.849"/>
  <testcase classname="testCases.TC039_VerifyTCVisitSummaryTest" name="verify_TCVisitSummaryPageExists" time="16.785"/>
  <testcase classname="testCases.TC040_VerifyPropertyWiseTCVisitTest" name="verify_PropertyWiseTCVisitPageExists" time="28.326"/>
  <testcase classname="testCases.TC041_VerifyTLVisitReportTest" name="verify_TLVisitReportPageExists" time="16.935"/>
  <testcase classname="testCases.TC042_VerifyAllUpdationReportTest" name="verify_AllUpdationReportPageExists" time="27.963"/>
  <testcase classname="testCases.TC043_VerifySurveyReportTest" name="verify_SurveyReportPageExists" time="18.057"/>
  <testcase classname="testCases.TC044_VerifySurveySummaryReportTest" name="verify_SurveySummaryReportPageExists" time="27.274"/>
  <testcase classname="testCases.TC045_VerifySurveyTeamSummaryTest" name="verify_SurveyTeamSummaryPageExists" time="28.087"/>
  <testcase classname="testCases.TC046_VerifySurveyAssessedListTest" name="verify_SurveyAssessedListPageExists" time="16.995"/>
  <testcase classname="testCases.TC047_VerifySurveyAssessedReportTest" name="verify_SurveyAssessedReportPageExists" time="16.899"/>
  <testcase classname="testCases.TC048_VerifyWardWiseSurveyReportTest" name="verify_WardWiseSurveyReportPageExists" time="28.328"/>
  <testcase classname="testCases.TC049_VerifySurveyPendingReportTest" name="verify_SurveyPendingReportPageExists" time="29.873"/>
  <testcase classname="testCases.TC050_VerifySurveyLevelSummaryReportTest" name="verify_SurveyLevelSummaryReportPageExists" time="28.68"/>
  <testcase classname="testCases.TC051_VerifyUserWiseForwardSummaryTest" name="verify_UserWiseForwardSummaryPageExists" time="28.067"/>
  <testcase classname="testCases.TC052_VerifyUserWiseSurveyEditReportTest" name="verify_UserWiseSurveyEditReportPageExists" time="28.087"/>
  <testcase classname="testCases.TC053_VerifySurveyModificationReportTest" name="verify_SurveyModificationReportPageExists" time="27.689"/>
  <testcase classname="testCases.TC054_VerifySurveyGeotaggingReportTest" name="verify_SurveyGeotaggingReportPageExists" time="18.109"/>
  <testcase classname="testCases.TC055_VerifyExPartySurveyNoticeTest" name="verify_ExPartySurveyNoticePageExists" time="18.08"/>
  <testcase classname="testCases.TC056_VerifySurveyNoticeListTest" name="verify_SurveyNoticeListPageExists" time="17.46"/>
  <testcase classname="testCases.TC057_VerifyBulkSurveyNoticePrintTest" name="verify_BulkSurveyNoticePageExists" time="18.019"/>
  <testcase classname="testCases.TC058_VeirfySurveyNoticeReceviedListTest" name="verify_SurveyNoticeReceviedListPageExists" time="17.541"/>
  <testcase classname="testCases.TC059_VerifySurveyNoticeReceivedReportTest" name="verify_SurveyNoticeReceivedReportPageExists" time="17.952"/>
  <testcase classname="testCases.TC060_VerifySurveyNoticeDistributedReportTest" name="verify_SurveyNoticeDistributedReportPageExists" time="17.986"/>
  <testcase classname="testCases.TC061_VerifySurveyDemandReportTest" name="verify_SurveyDemandReportPageExists" time="18.228"/>
  <testcase classname="testCases.TC062_VerifyUDTaxSetUpMenuTest" name="verify_UDTaxSetUpMenuExists" time="7.147"/>
  <testcase classname="testCases.TC063_VerifyAssessmentMenuTest" name="verify_AssessmentMenuExists" time="7.164"/>
  <testcase classname="testCases.TC064_VerifyUDTaxMenuTest" name="verify_UDTaxMenuExists" time="7.179"/>
  <testcase classname="testCases.TC065_VerifyUDTaxReportMenuTest" name="verify_UDTaxReportMenuExists" time="7.116"/>
  <testcase classname="testCases.TC066_VerifyPropertySurveyMenuTest" name="verify_PropertySurveyMenuExists" time="7.081"/>
  <testcase classname="testCases.TC067_VerifyUDTaxMailMenuTest" name="verify_UDTaxMailMenuExists" time="7.157"/>
  <testcase classname="testCases.TC068_VerifyAccountsMenuTest" name="verify_AccountsMenuExists" time="7.101"/>
  <testcase classname="testCases.TC069_VerifySurveyMailMenuTest" name="verify_SurveyMailMenuExists" time="6.819"/>
</testsuite> <!-- Test -->
