<?xml version="1.0" encoding="UTF-8"?>
<!-- Generated by org.testng.reporters.JUnitXMLReporter -->
<testsuite ignored="0" hostname="DESKTOP-GMDNGEC" failures="3" tests="75" name="chrometest" time="2171.916" errors="0" timestamp="2026-05-05T16:24:01 IST">
  <testcase classname="testCases.TC001_LoginTest" name="verify_login" time="6.094"/>
  <testcase classname="testCases.TC002_LoginDDTTest" name="verify_loginDDT" time="10.651"/>
  <testcase classname="testCases.TC002_LoginDDTTest" name="verify_loginDDT" time="17.421"/>
  <testcase classname="testCases.TC002_LoginDDTTest" name="verify_loginDDT" time="13.111"/>
  <testcase classname="testCases.TC002_LoginDDTTest" name="verify_loginDDT" time="12.471"/>
  <testcase classname="testCases.TC002_LoginDDTTest" name="verify_loginDDT" time="14.069"/>
  <testcase classname="testCases.TC002_LoginDDTTest" name="verify_loginDDT" time="15.023"/>
  <testcase classname="testCases.TC002_LoginDDTTest" name="verify_loginDDT" time="12.185"/>
  <testcase classname="testCases.TC003_ApplySelfAssessmentTest" name="verify_applySelfAssessmentPage" time="33.381">
    <failure type="java.lang.AssertionError" message="null">
      <![CDATA[java.lang.AssertionError: null
at testCases.TC003_ApplySelfAssessmentTest.verify_applySelfAssessmentPage(TC003_ApplySelfAssessmentTest.java:295)
at java.base/java.util.ArrayList.forEach(ArrayList.java:1596)
... Removed 27 stack frames]]>
    </failure>
  </testcase> <!-- verify_applySelfAssessmentPage -->
  <testcase classname="testCases.TC004_VerifyActTest" name="verify_ActPageIsExists" time="5.244"/>
  <testcase classname="testCases.TC005_VerifyGalleryTest" name="verify_GalleryPageIsExists" time="5.416"/>
  <testcase classname="testCases.TC006_VerifyContactTest" name="verify_ContactPageIsExists" time="4.909"/>
  <testcase classname="testCases.TC007_VerifyFeedbackTest" name="verify_FeedbackPageIsExists" time="4.857"/>
  <testcase classname="testCases.TC008_VerifyHouseTaxEntryTest" name="verify_HouseTaxEntryPageIsExists" time="15.9"/>
  <testcase classname="testCases.TC009_HouseTaxEntryTest" name="verify_HouseTaxEntryPage" time="25.086">
    <failure type="java.lang.AssertionError" message="null">
      <![CDATA[java.lang.AssertionError: null
at testCases.TC009_HouseTaxEntryTest.verify_HouseTaxEntryPage(TC009_HouseTaxEntryTest.java:245)
at java.base/java.util.ArrayList.forEach(ArrayList.java:1596)
... Removed 27 stack frames]]>
    </failure>
  </testcase> <!-- verify_HouseTaxEntryPage -->
  <testcase classname="testCases.TC010_VerifyLegacyEntryTest" name="verify_LegacyEntryPageIsExists" time="15.745"/>
  <testcase classname="testCases.TC011_LegacyEntryTest" name="verify_LegacyEntryPage" time="42.305">
    <failure type="java.lang.AssertionError" message="expected [true] but found [false]">
      <![CDATA[java.lang.AssertionError: expected [true] but found [false]
at testCases.TC011_LegacyEntryTest.verify_LegacyEntryPage(TC011_LegacyEntryTest.java:184)
at java.base/java.util.ArrayList.forEach(ArrayList.java:1596)
... Removed 29 stack frames]]>
    </failure>
  </testcase> <!-- verify_LegacyEntryPage -->
  <testcase classname="testCases.TC012_VerifySearchPropertyTest" name="verify_PropertyListPageExists" time="18.377"/>
  <testcase classname="testCases.TC013_VerifyDocUploadTest" name="verify_PropertyListPageExists" time="18.224"/>
  <testcase classname="testCases.TC014_VerifyUpdatePropertyDetailsTest" name="verify_PropertyListPageExists" time="17.056"/>
  <testcase classname="testCases.TC015_VerifyLastPaymentUpdateTest" name="verify_PropertyListPageExists" time="18.152"/>
  <testcase classname="testCases.TC016_VerifyUpdateOwnerDetailsTest" name="verify_PropertyListPageExists" time="17.968"/>
  <testcase classname="testCases.TC017_VerifyWardUpdateTest" name="verify_PropertyListPageExists" time="19.482"/>
  <testcase classname="testCases.TC018_VerifyAdjustmentTest" name="verify_PropertyListPageExists" time="17.961"/>
  <testcase classname="testCases.TC019_VerifyHTaxLastPaymentUpdateTest" name="verify_PropertyListPageExists" time="17.041"/>
  <testcase classname="testCases.TC020_VerifyCounterReportTest" name="verify_CounterReportPageExists" time="26.885"/>
  <testcase classname="testCases.TC021_VerifyTCCollectionSummaryTest" name="verify_TCCollectionSummaryPageExists" time="27.451"/>
  <testcase classname="testCases.TC022_VerifyDCBReportTest" name="verify_DCBULBWisePageExists" time="13.977"/>
  <testcase classname="testCases.TC023_VerifySAFReportTest" name="verify_SAFReportPageExists" time="13.222"/>
  <testcase classname="testCases.TC024_VerifyZoneAndWardWiseCollectionReportTest" name="verify_WardWiseCollectionReportPageExists" time="27.021"/>
  <testcase classname="testCases.TC025_VerifyPaymentModeWiseCollectionTest" name="verify_PaymentModeWiseCollectionPageExists" time="27.542"/>
  <testcase classname="testCases.TC026_VerifyULBReportTest" name="verify_AllModuleReportPageExists" time="14.267"/>
  <testcase classname="testCases.TC027_VerifyTransactionDeactivateReportTest" name="verify_TransactionDeactivateReportPageExists" time="27.188"/>
  <testcase classname="testCases.TC028_VerifyAllModuleTCSummaryTest" name="verify_AllModuleOperatorWiseCollectionPageExists" time="26.962"/>
  <testcase classname="testCases.TC029_VerifyPrintAllPaymentReceiptTest" name="verify_PrintAllPaymentReceiptPageExists" time="17.601"/>
  <testcase classname="testCases.TC030_VerifyPropertyWiseDCBTest" name="verify_DCBReportPageExists" time="22.134"/>
  <testcase classname="testCases.TC031_VerifyPrintAllDemandReceiptTest" name="verify_PrintAllDemandReceiptPageExists" time="25.211"/>
  <testcase classname="testCases.TC032_VerifyReassessmentDiffTest" name="verify_ReassessmentDiffReportPageExists" time="22.004"/>
  <testcase classname="testCases.TC033_VerifyChequeBouncedCollectionReportTest" name="verify_ChequeBouncedCollectionReportPageExists" time="22.804"/>
  <testcase classname="testCases.TC034_VerifyTaxCollectionReportTest" name="verify_TaxCollectionReportPageExists" time="18.547"/>
  <testcase classname="testCases.TC035_VerifyApptiListTest" name="verify_ApptiFormListPageExists" time="18.973"/>
  <testcase classname="testCases.TC036_VerifyAppttiPendingReportTest" name="verify_AppttiPendingReportPageExists" time="30.758"/>
  <testcase classname="testCases.TC037_VerifyApptiRejectListTest" name="verify_ApptiRejectListPageExists" time="23.639"/>
  <testcase classname="testCases.TC038_VerifyTCVisitReportTest" name="verify_TCVisitReportPageExists" time="20.894"/>
  <testcase classname="testCases.TC039_VerifyTCVisitSummaryTest" name="verify_TCVisitSummaryPageExists" time="21.355"/>
  <testcase classname="testCases.TC040_VerifyPropertyWiseTCVisitTest" name="verify_PropertyWiseTCVisitPageExists" time="32.334"/>
  <testcase classname="testCases.TC041_VerifyTLVisitReportTest" name="verify_TLVisitReportPageExists" time="20.937"/>
  <testcase classname="testCases.TC042_VerifyAllUpdationReportTest" name="verify_AllUpdationReportPageExists" time="32.332"/>
  <testcase classname="testCases.TC043_VerifySurveyReportTest" name="verify_SurveyReportPageExists" time="22.069"/>
  <testcase classname="testCases.TC044_VerifySurveySummaryReportTest" name="verify_SurveySummaryReportPageExists" time="32.186"/>
  <testcase classname="testCases.TC045_VerifySurveyTeamSummaryTest" name="verify_SurveyTeamSummaryPageExists" time="32.35"/>
  <testcase classname="testCases.TC046_VerifySurveyAssessedListTest" name="verify_SurveyAssessedListPageExists" time="20.613"/>
  <testcase classname="testCases.TC047_VerifySurveyAssessedReportTest" name="verify_SurveyAssessedReportPageExists" time="19.989"/>
  <testcase classname="testCases.TC048_VerifyWardWiseSurveyReportTest" name="verify_WardWiseSurveyReportPageExists" time="31.67"/>
  <testcase classname="testCases.TC049_VerifySurveyPendingReportTest" name="verify_SurveyPendingReportPageExists" time="32.323"/>
  <testcase classname="testCases.TC050_VerifySurveyLevelSummaryReportTest" name="verify_SurveyLevelSummaryReportPageExists" time="33.146"/>
  <testcase classname="testCases.TC051_VerifyUserWiseForwardSummaryTest" name="verify_UserWiseForwardSummaryPageExists" time="32.156"/>
  <testcase classname="testCases.TC052_VerifyUserWiseSurveyEditReportTest" name="verify_UserWiseSurveyEditReportPageExists" time="31.913"/>
  <testcase classname="testCases.TC053_VerifySurveyModificationReportTest" name="verify_SurveyModificationReportPageExists" time="42.935"/>
  <testcase classname="testCases.TC054_VerifySurveyGeotaggingReportTest" name="verify_SurveyGeotaggingReportPageExists" time="22.976"/>
  <testcase classname="testCases.TC055_VerifyExPartySurveyNoticeTest" name="verify_ExPartySurveyNoticePageExists" time="22.24"/>
  <testcase classname="testCases.TC056_VerifySurveyNoticeListTest" name="verify_SurveyNoticeListPageExists" time="22.014"/>
  <testcase classname="testCases.TC057_VerifyBulkSurveyNoticePrintTest" name="verify_BulkSurveyNoticePageExists" time="22.33"/>
  <testcase classname="testCases.TC058_VeirfySurveyNoticeReceviedListTest" name="verify_SurveyNoticeReceviedListPageExists" time="21.723"/>
  <testcase classname="testCases.TC059_VerifySurveyNoticeReceivedReportTest" name="verify_SurveyNoticeReceivedReportPageExists" time="22.365"/>
  <testcase classname="testCases.TC060_VerifySurveyNoticeDistributedReportTest" name="verify_SurveyNoticeDistributedReportPageExists" time="23.139"/>
  <testcase classname="testCases.TC061_VerifySurveyDemandReportTest" name="verify_SurveyDemandReportPageExists" time="22.378"/>
  <testcase classname="testCases.TC062_VerifyUDTaxSetUpMenuTest" name="verify_UDTaxSetUpMenuExists" time="10.784"/>
  <testcase classname="testCases.TC063_VerifyAssessmentMenuTest" name="verify_AssessmentMenuExists" time="13.561"/>
  <testcase classname="testCases.TC064_VerifyUDTaxMenuTest" name="verify_UDTaxMenuExists" time="9.042"/>
  <testcase classname="testCases.TC065_VerifyUDTaxReportMenuTest" name="verify_UDTaxReportMenuExists" time="10.182"/>
  <testcase classname="testCases.TC066_VerifyPropertySurveyMenuTest" name="verify_PropertySurveyMenuExists" time="10.177"/>
  <testcase classname="testCases.TC067_VerifyUDTaxMailMenuTest" name="verify_UDTaxMailMenuExists" time="9.208"/>
  <testcase classname="testCases.TC068_VerifyAccountsMenuTest" name="verify_AccountsMenuExists" time="9.791"/>
  <testcase classname="testCases.TC069_VerifySurveyMailMenuTest" name="verify_SurveyMailMenuExists" time="10.119"/>
</testsuite> <!-- chrometest -->
