<?xml version="1.0" encoding="UTF-8"?>
<!-- Generated by org.testng.reporters.JUnitXMLReporter -->
<testsuite ignored="0" hostname="DESKTOP-GMDNGEC" failures="0" tests="4" name="edgetest" time="85.78" errors="0" timestamp="2026-05-05T16:25:30 IST">
  <testcase classname="testCases.TC001_LoginTest" name="verify_login" time="4.74"/>
  <testcase classname="testCases.TC002_LoginDDTTest" name="verify_loginDDT" time="9.97"/>
  <testcase classname="testCases.TC002_LoginDDTTest" name="verify_loginDDT" time="16.134"/>
  <testcase classname="testCases.TC002_LoginDDTTest" name="verify_loginDDT" time="14.101"/>
</testsuite> <!-- edgetest -->
