<?xml version="1.0" encoding="UTF-8"?>
<!-- Generated by org.testng.reporters.JUnitXMLReporter -->
<testsuite ignored="0" hostname="DESKTOP-GMDNGEC" failures="3" tests="75" name="firefoxtest" time="1818.011" errors="0" timestamp="2026-04-28T16:11:27 IST">
  <testcase classname="testCases.TC001_LoginTest" name="verify_login" time="2.754"/>
  <testcase classname="testCases.TC002_LoginDDTTest" name="verify_loginDDT" time="2.72"/>
  <testcase classname="testCases.TC002_LoginDDTTest" name="verify_loginDDT" time="11.738"/>
  <testcase classname="testCases.TC002_LoginDDTTest" name="verify_loginDDT" time="10.763"/>
  <testcase classname="testCases.TC002_LoginDDTTest" name="verify_loginDDT" time="10.866"/>
  <testcase classname="testCases.TC002_LoginDDTTest" name="verify_loginDDT" time="11.704"/>
  <testcase classname="testCases.TC002_LoginDDTTest" name="verify_loginDDT" time="11.358"/>
  <testcase classname="testCases.TC002_LoginDDTTest" name="verify_loginDDT" time="10.703"/>
  <testcase classname="testCases.TC003_ApplySelfAssessmentTest" name="verify_applySelfAssessmentPage" time="25.821">
    <failure type="java.lang.AssertionError" message="null">
      <![CDATA[java.lang.AssertionError: null
at testCases.TC003_ApplySelfAssessmentTest.verify_applySelfAssessmentPage(TC003_ApplySelfAssessmentTest.java:295)
at java.base/java.util.ArrayList.forEach(ArrayList.java:1596)
... Removed 27 stack frames]]>
    </failure>
  </testcase> <!-- verify_applySelfAssessmentPage -->
  <testcase classname="testCases.TC004_VerifyActTest" name="verify_ActPageIsExists" time="4.419"/>
  <testcase classname="testCases.TC005_VerifyGalleryTest" name="verify_GalleryPageIsExists" time="4.42"/>
  <testcase classname="testCases.TC006_VerifyContactTest" name="verify_ContactPageIsExists" time="4.674"/>
  <testcase classname="testCases.TC007_VerifyFeedbackTest" name="verify_FeedbackPageIsExists" time="4.065"/>
  <testcase classname="testCases.TC008_VerifyHouseTaxEntryTest" name="verify_HouseTaxEntryPageIsExists" time="11.436"/>
  <testcase classname="testCases.TC009_HouseTaxEntryTest" name="verify_HouseTaxEntryPage" time="30.229">
    <failure type="java.lang.AssertionError" message="null">
      <![CDATA[java.lang.AssertionError: null
at testCases.TC009_HouseTaxEntryTest.verify_HouseTaxEntryPage(TC009_HouseTaxEntryTest.java:245)
at java.base/java.util.ArrayList.forEach(ArrayList.java:1596)
... Removed 27 stack frames]]>
    </failure>
  </testcase> <!-- verify_HouseTaxEntryPage -->
  <testcase classname="testCases.TC010_VerifyLegacyEntryTest" name="verify_LegacyEntryPageIsExists" time="11.338"/>
  <testcase classname="testCases.TC011_LegacyEntryTest" name="verify_LegacyEntryPage" time="25.867">
    <failure type="java.lang.AssertionError" message="expected [true] but found [false]">
      <![CDATA[java.lang.AssertionError: expected [true] but found [false]
at testCases.TC011_LegacyEntryTest.verify_LegacyEntryPage(TC011_LegacyEntryTest.java:184)
at java.base/java.util.ArrayList.forEach(ArrayList.java:1596)
... Removed 29 stack frames]]>
    </failure>
  </testcase> <!-- verify_LegacyEntryPage -->
  <testcase classname="testCases.TC012_VerifySearchPropertyTest" name="verify_PropertyListPageExists" time="12.923"/>
  <testcase classname="testCases.TC013_VerifyDocUploadTest" name="verify_PropertyListPageExists" time="13.039"/>
  <testcase classname="testCases.TC014_VerifyUpdatePropertyDetailsTest" name="verify_PropertyListPageExists" time="12.637"/>
  <testcase classname="testCases.TC015_VerifyLastPaymentUpdateTest" name="verify_PropertyListPageExists" time="12.832"/>
  <testcase classname="testCases.TC016_VerifyUpdateOwnerDetailsTest" name="verify_PropertyListPageExists" time="12.646"/>
  <testcase classname="testCases.TC017_VerifyWardUpdateTest" name="verify_PropertyListPageExists" time="12.937"/>
  <testcase classname="testCases.TC018_VerifyAdjustmentTest" name="verify_PropertyListPageExists" time="12.759"/>
  <testcase classname="testCases.TC019_VerifyHTaxLastPaymentUpdateTest" name="verify_PropertyListPageExists" time="12.68"/>
  <testcase classname="testCases.TC020_VerifyCounterReportTest" name="verify_CounterReportPageExists" time="21.619"/>
  <testcase classname="testCases.TC021_VerifyTCCollectionSummaryTest" name="verify_TCCollectionSummaryPageExists" time="22.563"/>
  <testcase classname="testCases.TC022_VerifyDCBReportTest" name="verify_DCBULBWisePageExists" time="8.972"/>
  <testcase classname="testCases.TC023_VerifySAFReportTest" name="verify_SAFReportPageExists" time="8.916"/>
  <testcase classname="testCases.TC024_VerifyZoneAndWardWiseCollectionReportTest" name="verify_WardWiseCollectionReportPageExists" time="22.686"/>
  <testcase classname="testCases.TC025_VerifyPaymentModeWiseCollectionTest" name="verify_PaymentModeWiseCollectionPageExists" time="22.453"/>
  <testcase classname="testCases.TC026_VerifyULBReportTest" name="verify_AllModuleReportPageExists" time="9.482"/>
  <testcase classname="testCases.TC027_VerifyTransactionDeactivateReportTest" name="verify_TransactionDeactivateReportPageExists" time="22.538"/>
  <testcase classname="testCases.TC028_VerifyAllModuleTCSummaryTest" name="verify_AllModuleOperatorWiseCollectionPageExists" time="22.422"/>
  <testcase classname="testCases.TC029_VerifyPrintAllPaymentReceiptTest" name="verify_PrintAllPaymentReceiptPageExists" time="12.608"/>
  <testcase classname="testCases.TC030_VerifyPropertyWiseDCBTest" name="verify_DCBReportPageExists" time="17.73"/>
  <testcase classname="testCases.TC031_VerifyPrintAllDemandReceiptTest" name="verify_PrintAllDemandReceiptPageExists" time="19.852"/>
  <testcase classname="testCases.TC032_VerifyReassessmentDiffTest" name="verify_ReassessmentDiffReportPageExists" time="17.532"/>
  <testcase classname="testCases.TC033_VerifyChequeBouncedCollectionReportTest" name="verify_ChequeBouncedCollectionReportPageExists" time="17.463"/>
  <testcase classname="testCases.TC034_VerifyTaxCollectionReportTest" name="verify_TaxCollectionReportPageExists" time="14.682"/>
  <testcase classname="testCases.TC035_VerifyApptiListTest" name="verify_ApptiFormListPageExists" time="14.046"/>
  <testcase classname="testCases.TC036_VerifyAppttiPendingReportTest" name="verify_AppttiPendingReportPageExists" time="26.711"/>
  <testcase classname="testCases.TC037_VerifyApptiRejectListTest" name="verify_ApptiRejectListPageExists" time="16.485"/>
  <testcase classname="testCases.TC038_VerifyTCVisitReportTest" name="verify_TCVisitReportPageExists" time="16.822"/>
  <testcase classname="testCases.TC039_VerifyTCVisitSummaryTest" name="verify_TCVisitSummaryPageExists" time="16.45"/>
  <testcase classname="testCases.TC040_VerifyPropertyWiseTCVisitTest" name="verify_PropertyWiseTCVisitPageExists" time="27.512"/>
  <testcase classname="testCases.TC041_VerifyTLVisitReportTest" name="verify_TLVisitReportPageExists" time="16.647"/>
  <testcase classname="testCases.TC042_VerifyAllUpdationReportTest" name="verify_AllUpdationReportPageExists" time="27.604"/>
  <testcase classname="testCases.TC043_VerifySurveyReportTest" name="verify_SurveyReportPageExists" time="18.18"/>
  <testcase classname="testCases.TC044_VerifySurveySummaryReportTest" name="verify_SurveySummaryReportPageExists" time="28.125"/>
  <testcase classname="testCases.TC045_VerifySurveyTeamSummaryTest" name="verify_SurveyTeamSummaryPageExists" time="28.097"/>
  <testcase classname="testCases.TC046_VerifySurveyAssessedListTest" name="verify_SurveyAssessedListPageExists" time="17.023"/>
  <testcase classname="testCases.TC047_VerifySurveyAssessedReportTest" name="verify_SurveyAssessedReportPageExists" time="17.005"/>
  <testcase classname="testCases.TC048_VerifyWardWiseSurveyReportTest" name="verify_WardWiseSurveyReportPageExists" time="27.643"/>
  <testcase classname="testCases.TC049_VerifySurveyPendingReportTest" name="verify_SurveyPendingReportPageExists" time="28.327"/>
  <testcase classname="testCases.TC050_VerifySurveyLevelSummaryReportTest" name="verify_SurveyLevelSummaryReportPageExists" time="27.987"/>
  <testcase classname="testCases.TC051_VerifyUserWiseForwardSummaryTest" name="verify_UserWiseForwardSummaryPageExists" time="28.041"/>
  <testcase classname="testCases.TC052_VerifyUserWiseSurveyEditReportTest" name="verify_UserWiseSurveyEditReportPageExists" time="28.04"/>
  <testcase classname="testCases.TC053_VerifySurveyModificationReportTest" name="verify_SurveyModificationReportPageExists" time="27.762"/>
  <testcase classname="testCases.TC054_VerifySurveyGeotaggingReportTest" name="verify_SurveyGeotaggingReportPageExists" time="18.561"/>
  <testcase classname="testCases.TC055_VerifyExPartySurveyNoticeTest" name="verify_ExPartySurveyNoticePageExists" time="19.055"/>
  <testcase classname="testCases.TC056_VerifySurveyNoticeListTest" name="verify_SurveyNoticeListPageExists" time="18.051"/>
  <testcase classname="testCases.TC057_VerifyBulkSurveyNoticePrintTest" name="verify_BulkSurveyNoticePageExists" time="18.236"/>
  <testcase classname="testCases.TC058_VeirfySurveyNoticeReceviedListTest" name="verify_SurveyNoticeReceviedListPageExists" time="18.334"/>
  <testcase classname="testCases.TC059_VerifySurveyNoticeReceivedReportTest" name="verify_SurveyNoticeReceivedReportPageExists" time="18.274"/>
  <testcase classname="testCases.TC060_VerifySurveyNoticeDistributedReportTest" name="verify_SurveyNoticeDistributedReportPageExists" time="18.238"/>
  <testcase classname="testCases.TC061_VerifySurveyDemandReportTest" name="verify_SurveyDemandReportPageExists" time="18.854"/>
  <testcase classname="testCases.TC062_VerifyUDTaxSetUpMenuTest" name="verify_UDTaxSetUpMenuExists" time="6.651"/>
  <testcase classname="testCases.TC063_VerifyAssessmentMenuTest" name="verify_AssessmentMenuExists" time="6.69"/>
  <testcase classname="testCases.TC064_VerifyUDTaxMenuTest" name="verify_UDTaxMenuExists" time="6.731"/>
  <testcase classname="testCases.TC065_VerifyUDTaxReportMenuTest" name="verify_UDTaxReportMenuExists" time="6.651"/>
  <testcase classname="testCases.TC066_VerifyPropertySurveyMenuTest" name="verify_PropertySurveyMenuExists" time="6.362"/>
  <testcase classname="testCases.TC067_VerifyUDTaxMailMenuTest" name="verify_UDTaxMailMenuExists" time="6.499"/>
  <testcase classname="testCases.TC068_VerifyAccountsMenuTest" name="verify_AccountsMenuExists" time="6.586"/>
  <testcase classname="testCases.TC069_VerifySurveyMailMenuTest" name="verify_SurveyMailMenuExists" time="6.758"/>
</testsuite> <!-- firefoxtest -->
