<?xml version="1.0" encoding="UTF-8"?>
<!-- Generated by org.testng.reporters.JUnitXMLReporter -->
<testsuite ignored="0" hostname="DESKTOP-GMDNGEC" failures="1" tests="1" name="Test(failed)(failed)(failed)(failed)" time="41.039" errors="0" timestamp="2026-04-24T12:59:07 IST">
  <testcase classname="testCases.TC003_ApplySelfAssessmentTest" name="verify_applySelfAssessmentPage" time="33.651">
    <failure type="java.lang.AssertionError" message="null">
      <![CDATA[java.lang.AssertionError: null
at testCases.TC003_ApplySelfAssessmentTest.verify_applySelfAssessmentPage(TC003_ApplySelfAssessmentTest.java:295)
at java.base/java.util.ArrayList.forEach(ArrayList.java:1596)
... Removed 27 stack frames]]>
    </failure>
  </testcase> <!-- verify_applySelfAssessmentPage -->
</testsuite> <!-- Test(failed)(failed)(failed)(failed) -->
