<?xml version="1.0" encoding="UTF-8"?>
<!-- Generated by org.testng.reporters.JUnitReportReporter -->
<testsuite hostname="DESKTOP-GMDNGEC" failures="0" tests="1" name="testCases.TC051_VerifyUserWiseForwardSummaryTest" time="28.067" errors="0" timestamp="2026-05-12T12:04:30 IST" skipped="0">
  <testcase classname="testCases.TC051_VerifyUserWiseForwardSummaryTest" name="verify_UserWiseForwardSummaryPageExists" time="28.067"/>
</testsuite> <!-- testCases.TC051_VerifyUserWiseForwardSummaryTest -->
