<?xml version="1.0" encoding="UTF-8"?>
<!-- Generated by org.testng.reporters.JUnitReportReporter -->
<testsuite hostname="DESKTOP-GMDNGEC" failures="0" tests="1" name="testCases.TC054_VerifySurveyGeotaggingReportTest" time="18.109" errors="0" timestamp="2026-05-12T12:04:30 IST" skipped="0">
  <testcase classname="testCases.TC054_VerifySurveyGeotaggingReportTest" name="verify_SurveyGeotaggingReportPageExists" time="18.109"/>
</testsuite> <!-- testCases.TC054_VerifySurveyGeotaggingReportTest -->
