<?xml version="1.0" encoding="UTF-8"?>
<!-- Generated by org.testng.reporters.JUnitReportReporter -->
<testsuite hostname="DESKTOP-GMDNGEC" failures="0" tests="1" name="testCases.TC059_VerifySurveyNoticeReceivedReportTest" time="17.952" errors="0" timestamp="2026-05-12T12:04:30 IST" skipped="0">
  <testcase classname="testCases.TC059_VerifySurveyNoticeReceivedReportTest" name="verify_SurveyNoticeReceivedReportPageExists" time="17.952"/>
</testsuite> <!-- testCases.TC059_VerifySurveyNoticeReceivedReportTest -->
