<?xml version="1.0" encoding="UTF-8"?>
<!-- Generated by org.testng.reporters.JUnitReportReporter -->
<testsuite hostname="DESKTOP-GMDNGEC" failures="0" tests="1" name="testCases.TC024_VerifyZoneAndWardWiseCollectionReportTest" time="22.083" errors="0" timestamp="2026-05-12T12:04:30 IST" skipped="0">
  <testcase classname="testCases.TC024_VerifyZoneAndWardWiseCollectionReportTest" name="verify_WardWiseCollectionReportPageExists" time="22.083"/>
</testsuite> <!-- testCases.TC024_VerifyZoneAndWardWiseCollectionReportTest -->
