<?xml version="1.0" encoding="UTF-8"?>
<!-- Generated by org.testng.reporters.JUnitReportReporter -->
<testsuite hostname="DESKTOP-GMDNGEC" failures="0" tests="1" name="testCases.TC050_VerifySurveyLevelSummaryReportTest" time="28.680" errors="0" timestamp="2026-05-12T12:04:30 IST" skipped="0">
  <testcase classname="testCases.TC050_VerifySurveyLevelSummaryReportTest" name="verify_SurveyLevelSummaryReportPageExists" time="28.680"/>
</testsuite> <!-- testCases.TC050_VerifySurveyLevelSummaryReportTest -->
