<?xml version="1.0" encoding="UTF-8"?>
<!-- Generated by org.testng.reporters.JUnitReportReporter -->
<testsuite hostname="DESKTOP-GMDNGEC" failures="0" tests="1" name="testCases.TC058_VeirfySurveyNoticeReceviedListTest" time="17.541" errors="0" timestamp="2026-05-12T12:04:31 IST" skipped="0">
  <testcase classname="testCases.TC058_VeirfySurveyNoticeReceviedListTest" name="verify_SurveyNoticeReceviedListPageExists" time="17.541"/>
</testsuite> <!-- testCases.TC058_VeirfySurveyNoticeReceviedListTest -->
