<?xml version="1.0" encoding="UTF-8"?>
<!-- Generated by org.testng.reporters.JUnitReportReporter -->
<testsuite hostname="DESKTOP-GMDNGEC" failures="0" tests="7" name="testCases.TC002_LoginDDTTest" time="71.998" errors="0" timestamp="2026-05-12T12:04:30 IST" skipped="0">
  <testcase classname="testCases.TC002_LoginDDTTest" name="verify_loginDDT" time="3.219"/>
  <testcase classname="testCases.TC002_LoginDDTTest" name="verify_loginDDT" time="11.138"/>
  <testcase classname="testCases.TC002_LoginDDTTest" name="verify_loginDDT" time="12.114"/>
  <testcase classname="testCases.TC002_LoginDDTTest" name="verify_loginDDT" time="11.559"/>
  <testcase classname="testCases.TC002_LoginDDTTest" name="verify_loginDDT" time="11.043"/>
  <testcase classname="testCases.TC002_LoginDDTTest" name="verify_loginDDT" time="11.803"/>
  <testcase classname="testCases.TC002_LoginDDTTest" name="verify_loginDDT" time="11.122"/>
</testsuite> <!-- testCases.TC002_LoginDDTTest -->
