<?xml version="1.0" encoding="UTF-8"?>
<!-- Generated by org.testng.reporters.JUnitReportReporter -->
<testsuite hostname="DESKTOP-GMDNGEC" failures="0" tests="1" name="testCases.TC053_VerifySurveyModificationReportTest" time="27.689" errors="0" timestamp="2026-05-12T12:04:30 IST" skipped="0">
  <testcase classname="testCases.TC053_VerifySurveyModificationReportTest" name="verify_SurveyModificationReportPageExists" time="27.689"/>
</testsuite> <!-- testCases.TC053_VerifySurveyModificationReportTest -->
