<?xml version="1.0" encoding="UTF-8"?>
<!-- Generated by org.testng.reporters.JUnitReportReporter -->
<testsuite hostname="DESKTOP-GMDNGEC" failures="0" tests="1" name="testCases.TC052_VerifyUserWiseSurveyEditReportTest" time="28.087" errors="0" timestamp="2026-05-12T12:04:31 IST" skipped="0">
  <testcase classname="testCases.TC052_VerifyUserWiseSurveyEditReportTest" name="verify_UserWiseSurveyEditReportPageExists" time="28.087"/>
</testsuite> <!-- testCases.TC052_VerifyUserWiseSurveyEditReportTest -->
