<?xml version="1.0" encoding="UTF-8"?>
<!-- Generated by org.testng.reporters.JUnitReportReporter -->
<testsuite hostname="DESKTOP-GMDNGEC" failures="0" tests="1" name="testCases.TC025_VerifyPaymentModeWiseCollectionTest" time="22.339" errors="0" timestamp="2026-05-12T12:04:30 IST" skipped="0">
  <testcase classname="testCases.TC025_VerifyPaymentModeWiseCollectionTest" name="verify_PaymentModeWiseCollectionPageExists" time="22.339"/>
</testsuite> <!-- testCases.TC025_VerifyPaymentModeWiseCollectionTest -->
