<?xml version="1.0" encoding="UTF-8"?>
<!-- Generated by org.testng.reporters.JUnitReportReporter -->
<testsuite hostname="DESKTOP-GMDNGEC" failures="0" tests="1" name="testCases.TC033_VerifyChequeBouncedCollectionReportTest" time="17.686" errors="0" timestamp="2026-05-12T12:04:30 IST" skipped="0">
  <testcase classname="testCases.TC033_VerifyChequeBouncedCollectionReportTest" name="verify_ChequeBouncedCollectionReportPageExists" time="17.686"/>
</testsuite> <!-- testCases.TC033_VerifyChequeBouncedCollectionReportTest -->
