<?xml version="1.0" encoding="UTF-8"?>
<!-- Generated by org.testng.reporters.JUnitReportReporter -->
<testsuite hostname="DESKTOP-GMDNGEC" failures="0" tests="1" name="testCases.TC024_VerifyZoneAndWardWiseCollectionTest" time="25.843" errors="0" timestamp="2026-03-19T17:27:52 IST" skipped="0">
  <testcase classname="testCases.TC024_VerifyZoneAndWardWiseCollectionTest" name="verify_WardWiseCollectionReportPageExists" time="25.843"/>
</testsuite> <!-- testCases.TC024_VerifyZoneAndWardWiseCollectionTest -->
