<?xml version="1.0" encoding="UTF-8"?>
<!-- Generated by org.testng.reporters.JUnitReportReporter -->
<testsuite hostname="DESKTOP-GMDNGEC" failures="0" tests="7" name="testCases.TC002_LoginDDT" time="83.371" errors="0" timestamp="2026-03-11T11:43:23 IST" skipped="0">
  <testcase classname="testCases.TC002_LoginDDT" name="verify_loginDDT" time="12.068"/>
  <testcase classname="testCases.TC002_LoginDDT" name="verify_loginDDT" time="11.864"/>
  <testcase classname="testCases.TC002_LoginDDT" name="verify_loginDDT" time="12.091"/>
  <testcase classname="testCases.TC002_LoginDDT" name="verify_loginDDT" time="12.930"/>
  <testcase classname="testCases.TC002_LoginDDT" name="verify_loginDDT" time="10.417"/>
  <testcase classname="testCases.TC002_LoginDDT" name="verify_loginDDT" time="12.093"/>
  <testcase classname="testCases.TC002_LoginDDT" name="verify_loginDDT" time="11.908"/>
</testsuite> <!-- testCases.TC002_LoginDDT -->
